<?xml version="1.0" encoding="UTF-8"?>
<!-- Generated by org.testng.reporters.JUnitXMLReporter -->
<testsuite ignored="6" hostname="Jezz" failures="0" tests="1" name="Surefire test" time="25.001" errors="0" timestamp="2025-08-16T23:36:45 WIB">
  <testcase classname="com.example.java.testcases.PIMTest" name="testAddNewEmployee" time="10.298"/>
  <testcase classname="com.example.java.testcases.PIMTest" name="testAddNewEmployeeWithDuplicateEmployeeId" time="0.0">
    <ignored/>
  </testcase> <!-- testAddNewEmployeeWithDuplicateEmployeeId -->
  <testcase classname="com.example.java.testcases.PIMTest" name="testNavigateToPIM" time="0.0">
    <ignored/>
  </testcase> <!-- testNavigateToPIM -->
  <testcase classname="com.example.java.testcases.PIMTest" name="testAddNewEmployeeWithMissingFirstName" time="0.0">
    <ignored/>
  </testcase> <!-- testAddNewEmployeeWithMissingFirstName -->
  <testcase classname="com.example.java.testcases.PIMTest" name="testAddNewEmployeeWithWeakPassword" time="0.0">
    <ignored/>
  </testcase> <!-- testAddNewEmployeeWithWeakPassword -->
  <testcase classname="com.example.java.testcases.PIMTest" name="testAddNewEmployeeWithMissingLastName" time="0.0">
    <ignored/>
  </testcase> <!-- testAddNewEmployeeWithMissingLastName -->
  <testcase classname="com.example.java.testcases.PIMTest" name="testAddNewEmployeeWithInvalidFirstName" time="0.0">
    <ignored/>
  </testcase> <!-- testAddNewEmployeeWithInvalidFirstName -->
</testsuite> <!-- Surefire test -->
