<?xml version="1.0" encoding="UTF-8"?>
<!-- Generated by org.testng.reporters.JUnitXMLReporter -->
<testsuite ignored="0" hostname="Jezz" failures="0" tests="9" name="Dashboard-Section-Test" time="93.091" errors="0" timestamp="2025-08-23T21:20:02 WIB">
  <testcase classname="com.example.java.testcases.DashboardTest" name="testClickAdminButton" time="0.0">
    <skipped/>
  </testcase> <!-- testClickAdminButton -->
  <testcase classname="com.example.java.testcases.DashboardTest" name="testClickDirectoryButton" time="0.0">
    <skipped/>
  </testcase> <!-- testClickDirectoryButton -->
  <testcase classname="com.example.java.testcases.DashboardTest" name="testClickLeaveButton" time="0.0">
    <skipped/>
  </testcase> <!-- testClickLeaveButton -->
  <testcase classname="com.example.java.testcases.DashboardTest" name="testClickMyInfoButton" time="0.001">
    <skipped/>
  </testcase> <!-- testClickMyInfoButton -->
  <testcase classname="com.example.java.testcases.DashboardTest" name="testClickPIMButton" time="0.0">
    <skipped/>
  </testcase> <!-- testClickPIMButton -->
  <testcase classname="com.example.java.testcases.DashboardTest" name="testClickPerformanceButton" time="0.0">
    <skipped/>
  </testcase> <!-- testClickPerformanceButton -->
  <testcase classname="com.example.java.testcases.DashboardTest" name="testClickRecruitmentButton" time="0.0">
    <skipped/>
  </testcase> <!-- testClickRecruitmentButton -->
  <testcase classname="com.example.java.testcases.DashboardTest" name="testClickTimeButton" time="0.0">
    <skipped/>
  </testcase> <!-- testClickTimeButton -->
  <testcase classname="com.example.java.testcases.DashboardTest" name="testNavigateToDashboard" time="0.0">
    <skipped/>
  </testcase> <!-- testNavigateToDashboard -->
</testsuite> <!-- Dashboard-Section-Test -->
