<?xml version="1.0" encoding="UTF-8"?>
<!-- Generated by org.testng.reporters.JUnitXMLReporter -->
<testsuite ignored="0" hostname="Jezz" failures="0" tests="7" name="Login-Section-Test " time="63.147" errors="0" timestamp="2025-08-24T13:01:23 WIB">
  <testcase classname="com.example.java.testcases.LoginTest" name="testEmptyFields" time="4.67"/>
  <testcase classname="com.example.java.testcases.LoginTest" name="testEmptyFieldsPassword" time="5.713"/>
  <testcase classname="com.example.java.testcases.LoginTest" name="testEmptyFieldsUsername" time="4.394"/>
  <testcase classname="com.example.java.testcases.LoginTest" name="testInvalidPassword" time="8.558"/>
  <testcase classname="com.example.java.testcases.LoginTest" name="testInvalidUsername" time="7.535"/>
  <testcase classname="com.example.java.testcases.LoginTest" name="testValidLogin" time="5.751"/>
  <testcase classname="com.example.java.testcases.LoginTest" name="userLogout" time="10.574"/>
</testsuite> <!-- Login-Section-Test  -->
