<?xml version="1.0" encoding="UTF-8"?>
<!-- Generated by org.testng.reporters.JUnitXMLReporter -->
<testsuite ignored="0" hostname="Jezz" failures="0" tests="7" name="Login-Section-Test" time="85.944" errors="0" timestamp="2025-08-17T18:09:56 WIB">
  <testcase classname="com.example.java.testcases.LoginTest" name="testEmptyFields" time="7.241"/>
  <testcase classname="com.example.java.testcases.LoginTest" name="testEmptyFieldsPassword" time="7.556"/>
  <testcase classname="com.example.java.testcases.LoginTest" name="testEmptyFieldsUsername" time="6.238"/>
  <testcase classname="com.example.java.testcases.LoginTest" name="testInvalidPassword" time="8.845"/>
  <testcase classname="com.example.java.testcases.LoginTest" name="testInvalidUsername" time="8.658"/>
  <testcase classname="com.example.java.testcases.LoginTest" name="testValidLogin" time="12.123"/>
  <testcase classname="com.example.java.testcases.LoginTest" name="userLogout" time="11.403"/>
</testsuite> <!-- Login-Section-Test -->
