<?xml version="1.0" encoding="UTF-8"?>
<!-- Generated by org.testng.reporters.JUnitXMLReporter -->
<testsuite ignored="0" hostname="Jezz" failures="0" tests="7" name="Login-Section-Test" time="92.936" errors="0" timestamp="2025-08-23T21:18:29 WIB">
  <testcase classname="com.example.java.testcases.LoginTest" name="testEmptyFields" time="7.261"/>
  <testcase classname="com.example.java.testcases.LoginTest" name="testEmptyFieldsPassword" time="7.094"/>
  <testcase classname="com.example.java.testcases.LoginTest" name="testEmptyFieldsUsername" time="5.706"/>
  <testcase classname="com.example.java.testcases.LoginTest" name="testInvalidPassword" time="9.148"/>
  <testcase classname="com.example.java.testcases.LoginTest" name="testInvalidUsername" time="8.83"/>
  <testcase classname="com.example.java.testcases.LoginTest" name="testValidLogin" time="11.127"/>
  <testcase classname="com.example.java.testcases.LoginTest" name="userLogout" time="15.44"/>
</testsuite> <!-- Login-Section-Test -->
