<?xml version="1.0" encoding="UTF-8"?>
<!-- Generated by org.testng.reporters.JUnitXMLReporter -->
<testsuite ignored="0" hostname="Jezz" failures="0" tests="4" name="PIM-Section-Test" time="38.172" errors="0" timestamp="2025-08-23T21:20:41 WIB">
  <testcase classname="com.example.java.testcases.PIMTest" name="testAddNewEmployee" time="0.0">
    <skipped/>
  </testcase> <!-- testAddNewEmployee -->
  <testcase classname="com.example.java.testcases.PIMTest" name="testCheckEmployeeOnEmployeeList" time="0.0">
    <skipped/>
  </testcase> <!-- testCheckEmployeeOnEmployeeList -->
  <testcase classname="com.example.java.testcases.PIMTest" name="testDeleteEmployeeOnTheEmployeeList" time="0.0">
    <skipped/>
  </testcase> <!-- testDeleteEmployeeOnTheEmployeeList -->
  <testcase classname="com.example.java.testcases.PIMTest" name="testNavigateToPIM" time="0.0">
    <skipped/>
  </testcase> <!-- testNavigateToPIM -->
</testsuite> <!-- PIM-Section-Test -->
