<?xml version="1.0" encoding="UTF-8"?>
<testsuite xmlns:xsi="http://www.w3.org/2001/XMLSchema-instance" xsi:noNamespaceSchemaLocation="https://maven.apache.org/surefire/maven-surefire-plugin/xsd/surefire-test-report.xsd" name="TestSuite" time="87.815" tests="7" errors="0" skipped="0" failures="0">
  <properties>
[...]
</properties>
  <testcase name="testEmptyFields" classname="com.example.java.testcases.LoginTest" time="7.256"/>
  <testcase name="testEmptyFieldsPassword" classname="com.example.java.testcases.LoginTest" time="7.532"/>
  <testcase name="testEmptyFieldsUsername" classname="com.example.java.testcases.LoginTest" time="6.216"/>
  <testcase name="testInvalidPassword" classname="com.example.java.testcases.LoginTest" time="8.833"/>
  <testcase name="testInvalidUsername" classname="com.example.java.testcases.LoginTest" time="8.644"/>
  <testcase name="testValidLogin" classname="com.example.java.testcases.LoginTest" time="12.102"/>
  <testcase name="userLogout" classname="com.example.java.testcases.LoginTest" time="11.405"/>
</testsuite>