<?xml version="1.0" encoding="UTF-8"?>
<testng-results ignored="0" total="7" passed="7" failed="0" skipped="0">
  <reporter-output>
  </reporter-output>
  <suite started-at="2025-08-10T16:47:48 WIB" name="OrangeHRM Automation Suite" finished-at="2025-08-10T16:49:40 WIB" duration-ms="112339">
    <groups>
    </groups>
    <test started-at="2025-08-10T16:47:48 WIB" name="Login-Section-Test" finished-at="2025-08-10T16:49:40 WIB" duration-ms="112339">
      <class name="com.example.java.testcases.LoginTest">
        <test-method is-config="true" signature="setUp()[pri:0, instance:com.example.java.testcases.LoginTest@525575]" started-at="2025-08-10T16:47:48 WIB" name="setUp" finished-at="2025-08-10T16:47:51 WIB" duration-ms="3718" status="PASS">
          <reporter-output>
          </reporter-output>
        </test-method> <!-- setUp -->
        <test-method signature="testEmptyFields()[pri:0, instance:com.example.java.testcases.LoginTest@525575]" started-at="2025-08-10T16:47:52 WIB" name="testEmptyFields" description="Login with empty username and password" finished-at="2025-08-10T16:47:58 WIB" duration-ms="6884" status="PASS">
          <reporter-output>
          </reporter-output>
        </test-method> <!-- testEmptyFields -->
        <test-method is-config="true" signature="tearDown(org.testng.ITestResult)[pri:0, instance:com.example.java.testcases.LoginTest@525575]" started-at="2025-08-10T16:47:59 WIB" name="tearDown" finished-at="2025-08-10T16:48:00 WIB" duration-ms="1134" status="PASS">
          <params>
            <param index="0">
              <value>
                <![CDATA[[TestResult name=testEmptyFields status=SUCCESS method=LoginTest.testEmptyFields()[pri:0, instance:com.example.java.testcases.LoginTest@525575] output={null}]]]>
              </value>
            </param>
          </params>
          <reporter-output>
          </reporter-output>
        </test-method> <!-- tearDown -->
        <test-method is-config="true" signature="setUp()[pri:0, instance:com.example.java.testcases.LoginTest@525575]" started-at="2025-08-10T16:48:00 WIB" name="setUp" finished-at="2025-08-10T16:48:02 WIB" duration-ms="2615" status="PASS">
          <reporter-output>
          </reporter-output>
        </test-method> <!-- setUp -->
        <test-method signature="testEmptyFieldsPassword()[pri:0, instance:com.example.java.testcases.LoginTest@525575]" started-at="2025-08-10T16:48:02 WIB" name="testEmptyFieldsPassword" description="Login with empty username" finished-at="2025-08-10T16:48:11 WIB" duration-ms="8513" status="PASS">
          <reporter-output>
          </reporter-output>
        </test-method> <!-- testEmptyFieldsPassword -->
        <test-method is-config="true" signature="tearDown(org.testng.ITestResult)[pri:0, instance:com.example.java.testcases.LoginTest@525575]" started-at="2025-08-10T16:48:11 WIB" name="tearDown" finished-at="2025-08-10T16:48:12 WIB" duration-ms="828" status="PASS">
          <params>
            <param index="0">
              <value>
                <![CDATA[[TestResult name=testEmptyFieldsPassword status=SUCCESS method=LoginTest.testEmptyFieldsPassword()[pri:0, instance:com.example.java.testcases.LoginTest@525575] output={null}]]]>
              </value>
            </param>
          </params>
          <reporter-output>
          </reporter-output>
        </test-method> <!-- tearDown -->
        <test-method is-config="true" signature="setUp()[pri:0, instance:com.example.java.testcases.LoginTest@525575]" started-at="2025-08-10T16:48:12 WIB" name="setUp" finished-at="2025-08-10T16:48:14 WIB" duration-ms="2283" status="PASS">
          <reporter-output>
          </reporter-output>
        </test-method> <!-- setUp -->
        <test-method signature="testEmptyFieldsUsername()[pri:0, instance:com.example.java.testcases.LoginTest@525575]" started-at="2025-08-10T16:48:14 WIB" name="testEmptyFieldsUsername" description="Login with empty username" finished-at="2025-08-10T16:48:23 WIB" duration-ms="8867" status="PASS">
          <reporter-output>
          </reporter-output>
        </test-method> <!-- testEmptyFieldsUsername -->
        <test-method is-config="true" signature="tearDown(org.testng.ITestResult)[pri:0, instance:com.example.java.testcases.LoginTest@525575]" started-at="2025-08-10T16:48:23 WIB" name="tearDown" finished-at="2025-08-10T16:48:24 WIB" duration-ms="943" status="PASS">
          <params>
            <param index="0">
              <value>
                <![CDATA[[TestResult name=testEmptyFieldsUsername status=SUCCESS method=LoginTest.testEmptyFieldsUsername()[pri:0, instance:com.example.java.testcases.LoginTest@525575] output={null}]]]>
              </value>
            </param>
          </params>
          <reporter-output>
          </reporter-output>
        </test-method> <!-- tearDown -->
        <test-method is-config="true" signature="setUp()[pri:0, instance:com.example.java.testcases.LoginTest@525575]" started-at="2025-08-10T16:48:24 WIB" name="setUp" finished-at="2025-08-10T16:48:27 WIB" duration-ms="2849" status="PASS">
          <reporter-output>
          </reporter-output>
        </test-method> <!-- setUp -->
        <test-method signature="testInvalidPassword()[pri:0, instance:com.example.java.testcases.LoginTest@525575]" started-at="2025-08-10T16:48:27 WIB" name="testInvalidPassword" description="Login with invalid password" finished-at="2025-08-10T16:48:40 WIB" duration-ms="12278" status="PASS">
          <reporter-output>
          </reporter-output>
        </test-method> <!-- testInvalidPassword -->
        <test-method is-config="true" signature="tearDown(org.testng.ITestResult)[pri:0, instance:com.example.java.testcases.LoginTest@525575]" started-at="2025-08-10T16:48:40 WIB" name="tearDown" finished-at="2025-08-10T16:48:40 WIB" duration-ms="693" status="PASS">
          <params>
            <param index="0">
              <value>
                <![CDATA[[TestResult name=testInvalidPassword status=SUCCESS method=LoginTest.testInvalidPassword()[pri:0, instance:com.example.java.testcases.LoginTest@525575] output={null}]]]>
              </value>
            </param>
          </params>
          <reporter-output>
          </reporter-output>
        </test-method> <!-- tearDown -->
        <test-method is-config="true" signature="setUp()[pri:0, instance:com.example.java.testcases.LoginTest@525575]" started-at="2025-08-10T16:48:40 WIB" name="setUp" finished-at="2025-08-10T16:48:43 WIB" duration-ms="2445" status="PASS">
          <reporter-output>
          </reporter-output>
        </test-method> <!-- setUp -->
        <test-method signature="testInvalidUsername()[pri:0, instance:com.example.java.testcases.LoginTest@525575]" started-at="2025-08-10T16:48:43 WIB" name="testInvalidUsername" description="Login with invalid username" finished-at="2025-08-10T16:49:05 WIB" duration-ms="22443" status="PASS">
          <reporter-output>
          </reporter-output>
        </test-method> <!-- testInvalidUsername -->
        <test-method is-config="true" signature="tearDown(org.testng.ITestResult)[pri:0, instance:com.example.java.testcases.LoginTest@525575]" started-at="2025-08-10T16:49:06 WIB" name="tearDown" finished-at="2025-08-10T16:49:06 WIB" duration-ms="319" status="PASS">
          <params>
            <param index="0">
              <value>
                <![CDATA[[TestResult name=testInvalidUsername status=SUCCESS method=LoginTest.testInvalidUsername()[pri:0, instance:com.example.java.testcases.LoginTest@525575] output={null}]]]>
              </value>
            </param>
          </params>
          <reporter-output>
          </reporter-output>
        </test-method> <!-- tearDown -->
        <test-method is-config="true" signature="setUp()[pri:0, instance:com.example.java.testcases.LoginTest@525575]" started-at="2025-08-10T16:49:06 WIB" name="setUp" finished-at="2025-08-10T16:49:08 WIB" duration-ms="2071" status="PASS">
          <reporter-output>
          </reporter-output>
        </test-method> <!-- setUp -->
        <test-method signature="testValidLogin()[pri:0, instance:com.example.java.testcases.LoginTest@525575]" started-at="2025-08-10T16:49:08 WIB" name="testValidLogin" description="Verify login works with valid credentials" finished-at="2025-08-10T16:49:22 WIB" duration-ms="14008" status="PASS">
          <reporter-output>
          </reporter-output>
        </test-method> <!-- testValidLogin -->
        <test-method is-config="true" signature="tearDown(org.testng.ITestResult)[pri:0, instance:com.example.java.testcases.LoginTest@525575]" started-at="2025-08-10T16:49:22 WIB" name="tearDown" finished-at="2025-08-10T16:49:23 WIB" duration-ms="489" status="PASS">
          <params>
            <param index="0">
              <value>
                <![CDATA[[TestResult name=testValidLogin status=SUCCESS method=LoginTest.testValidLogin()[pri:0, instance:com.example.java.testcases.LoginTest@525575] output={null}]]]>
              </value>
            </param>
          </params>
          <reporter-output>
          </reporter-output>
        </test-method> <!-- tearDown -->
        <test-method is-config="true" signature="setUp()[pri:0, instance:com.example.java.testcases.LoginTest@525575]" started-at="2025-08-10T16:49:23 WIB" name="setUp" finished-at="2025-08-10T16:49:25 WIB" duration-ms="1967" status="PASS">
          <reporter-output>
          </reporter-output>
        </test-method> <!-- setUp -->
        <test-method signature="userLogout()[pri:0, instance:com.example.java.testcases.LoginTest@525575]" started-at="2025-08-10T16:49:25 WIB" name="userLogout" description="verify that user can log out succesfully" finished-at="2025-08-10T16:49:39 WIB" duration-ms="14451" status="PASS">
          <reporter-output>
          </reporter-output>
        </test-method> <!-- userLogout -->
        <test-method is-config="true" signature="tearDown(org.testng.ITestResult)[pri:0, instance:com.example.java.testcases.LoginTest@525575]" started-at="2025-08-10T16:49:39 WIB" name="tearDown" finished-at="2025-08-10T16:49:40 WIB" duration-ms="409" status="PASS">
          <params>
            <param index="0">
              <value>
                <![CDATA[[TestResult name=userLogout status=SUCCESS method=LoginTest.userLogout()[pri:0, instance:com.example.java.testcases.LoginTest@525575] output={null}]]]>
              </value>
            </param>
          </params>
          <reporter-output>
          </reporter-output>
        </test-method> <!-- tearDown -->
      </class> <!-- com.example.java.testcases.LoginTest -->
    </test> <!-- Login-Section-Test -->
  </suite> <!-- OrangeHRM Automation Suite -->
</testng-results>
