<?xml version="1.0" encoding="UTF-8"?>
<testsuite xmlns:xsi="http://www.w3.org/2001/XMLSchema-instance" xsi:noNamespaceSchemaLocation="https://maven.apache.org/surefire/maven-surefire-plugin/xsd/surefire-test-report.xsd" name="com.example.java.testcases.PIMTest" time="134.756" tests="12" errors="0" skipped="8" failures="3">
  <properties>
[...]
</properties>
  <testcase name="testAddNewEmployee" classname="com.example.java.testcases.PIMTest" time="10.214"/>
  <testcase name="testAddNewEmployeeWithDuplicateEmployeeId" classname="com.example.java.testcases.PIMTest" time="3.868">
    <failure message="Employee was added with a duplicate employee ID, which is not expected. expected [true] but found [false]" type="java.lang.AssertionError">java.lang.AssertionError: Employee was added with a duplicate employee ID, which is not expected. expected [true] but found [false]
	at com.example.java.testcases.PIMTest.testAddNewEmployeeWithDuplicateEmployeeId(PIMTest.java:73)
</failure>
    <system-out><![CDATA[? Test passed: testAddNewEmployee
Launching browser: chrome
>>>Running test: PIMTest.testAddNewEmployeeWithDuplicateEmployeeId
Auto-login as admin for test: PIMTest.testAddNewEmployeeWithDuplicateEmployeeId
Logged in as Admin successfully.
? Starting test: testAddNewEmployeeWithDuplicateEmployeeId
]]></system-out>
    <system-err><![CDATA[Failed to save screenshot: E:\BANGKIT\DATA_Bangkit\belajar terus bree\Automation-learn\hrmorange_selenium_allure_1\target\screenshots\testAddNewEmployee.png
java.nio.file.FileAlreadyExistsException: E:\BANGKIT\DATA_Bangkit\belajar terus bree\Automation-learn\hrmorange_selenium_allure_1\target\screenshots\testAddNewEmployee.png
	at java.base/sun.nio.fs.WindowsFileCopy.copy(WindowsFileCopy.java:123)
	at java.base/sun.nio.fs.WindowsFileSystemProvider.copy(WindowsFileSystemProvider.java:283)
	at java.base/java.nio.file.Files.copy(Files.java:1295)
	at com.example.java.utilities.Screenshot.takeScreenshot(Screenshot.java:28)
	at com.example.java.base.TestListener.captureScreenshot(TestListener.java:31)
	at com.example.java.base.TestListener.onTestSuccess(TestListener.java:51)
	at org.testng.internal.TestListenerHelper.runTestListeners(TestListenerHelper.java:119)
	at org.testng.internal.invokers.TestInvoker.runTestResultListener(TestInvoker.java:285)
	at org.testng.internal.invokers.TestInvoker.invokeMethod(TestInvoker.java:777)
	at org.testng.internal.invokers.TestInvoker.invokeTestMethod(TestInvoker.java:230)
	at org.testng.internal.invokers.MethodRunner.runInSequence(MethodRunner.java:63)
	at org.testng.internal.invokers.TestInvoker$MethodInvocationAgent.invoke(TestInvoker.java:995)
	at org.testng.internal.invokers.TestInvoker.invokeTestMethods(TestInvoker.java:203)
	at org.testng.internal.invokers.TestMethodWorker.invokeTestMethods(TestMethodWorker.java:154)
	at org.testng.internal.invokers.TestMethodWorker.run(TestMethodWorker.java:134)
	at java.base/java.util.ArrayList.forEach(ArrayList.java:1541)
	at org.testng.TestRunner.privateRun(TestRunner.java:741)
	at org.testng.TestRunner.run(TestRunner.java:616)
	at org.testng.SuiteRunner.runTest(SuiteRunner.java:421)
	at org.testng.SuiteRunner.runSequentially(SuiteRunner.java:413)
	at org.testng.SuiteRunner.privateRun(SuiteRunner.java:373)
	at org.testng.SuiteRunner.run(SuiteRunner.java:312)
	at org.testng.SuiteRunnerWorker.runSuite(SuiteRunnerWorker.java:52)
	at org.testng.SuiteRunnerWorker.run(SuiteRunnerWorker.java:95)
	at org.testng.TestNG.runSuitesSequentially(TestNG.java:1274)
	at org.testng.TestNG.runSuitesLocally(TestNG.java:1208)
	at org.testng.TestNG.runSuites(TestNG.java:1112)
	at org.testng.TestNG.run(TestNG.java:1079)
	at org.apache.maven.surefire.testng.TestNGExecutor.run(TestNGExecutor.java:135)
	at org.apache.maven.surefire.testng.TestNGDirectoryTestSuite.executeSingleClass(TestNGDirectoryTestSuite.java:112)
	at org.apache.maven.surefire.testng.TestNGDirectoryTestSuite.execute(TestNGDirectoryTestSuite.java:99)
	at org.apache.maven.surefire.testng.TestNGProvider.invoke(TestNGProvider.java:146)
	at org.apache.maven.surefire.booter.ForkedBooter.invokeProviderInSameClassLoader(ForkedBooter.java:384)
	at org.apache.maven.surefire.booter.ForkedBooter.runSuitesInProcess(ForkedBooter.java:345)
	at org.apache.maven.surefire.booter.ForkedBooter.execute(ForkedBooter.java:126)
	at org.apache.maven.surefire.booter.ForkedBooter.main(ForkedBooter.java:418)
Aug 17, 2025 8:59:01 PM org.openqa.selenium.devtools.CdpVersionFinder findNearestMatch
WARNING: Unable to find an exact match for CDP version 139, returning the closest version; found: 138; Please update to a Selenium version that supports CDP version 139
]]></system-err>
  </testcase>
  <testcase name="testAddNewEmployeeWithMissingFirstName" classname="com.example.java.testcases.PIMTest" time="24.539">
    <failure message="Employee was added without a first name, which is not expected. expected [true] but found [false]" type="java.lang.AssertionError">java.lang.AssertionError: Employee was added without a first name, which is not expected. expected [true] but found [false]
	at com.example.java.testcases.PIMTest.testAddNewEmployeeWithMissingFirstName(PIMTest.java:52)
</failure>
    <system-out><![CDATA[? Test failed: testAddNewEmployeeWithDuplicateEmployeeId
Screenshot saved: E:\BANGKIT\DATA_Bangkit\belajar terus bree\Automation-learn\hrmorange_selenium_allure_1\target\screenshots\testAddNewEmployeeWithDuplicateEmployeeId_failure.png
Launching browser: chrome
>>>Running test: PIMTest.testAddNewEmployeeWithMissingFirstName
Auto-login as admin for test: PIMTest.testAddNewEmployeeWithMissingFirstName
Logged in as Admin successfully.
? Starting test: testAddNewEmployeeWithMissingFirstName
? Timeout: Profile name did not match expected text within 15 seconds.
]]></system-out>
    <system-err><![CDATA[Failed to save screenshot: E:\BANGKIT\DATA_Bangkit\belajar terus bree\Automation-learn\hrmorange_selenium_allure_1\target\screenshots\testAddNewEmployeeWithDuplicateEmployeeId_failure.png
java.nio.file.FileAlreadyExistsException: E:\BANGKIT\DATA_Bangkit\belajar terus bree\Automation-learn\hrmorange_selenium_allure_1\target\screenshots\testAddNewEmployeeWithDuplicateEmployeeId_failure.png
	at java.base/sun.nio.fs.WindowsFileCopy.copy(WindowsFileCopy.java:123)
	at java.base/sun.nio.fs.WindowsFileSystemProvider.copy(WindowsFileSystemProvider.java:283)
	at java.base/java.nio.file.Files.copy(Files.java:1295)
	at com.example.java.utilities.Screenshot.takeScreenshot(Screenshot.java:28)
	at com.example.java.base.BaseTest.tearDown(BaseTest.java:87)
	at java.base/jdk.internal.reflect.NativeMethodAccessorImpl.invoke0(Native Method)
	at java.base/jdk.internal.reflect.NativeMethodAccessorImpl.invoke(NativeMethodAccessorImpl.java:62)
	at java.base/jdk.internal.reflect.DelegatingMethodAccessorImpl.invoke(DelegatingMethodAccessorImpl.java:43)
	at java.base/java.lang.reflect.Method.invoke(Method.java:566)
	at org.testng.internal.invokers.MethodInvocationHelper.invokeMethod(MethodInvocationHelper.java:141)
	at org.testng.internal.invokers.MethodInvocationHelper.invokeMethodConsideringTimeout(MethodInvocationHelper.java:71)
	at org.testng.internal.invokers.ConfigInvoker.invokeConfigurationMethod(ConfigInvoker.java:400)
	at org.testng.internal.invokers.ConfigInvoker.invokeConfigurations(ConfigInvoker.java:333)
	at org.testng.internal.invokers.TestInvoker.runConfigMethods(TestInvoker.java:836)
	at org.testng.internal.invokers.TestInvoker.runAfterConfigurations(TestInvoker.java:805)
	at org.testng.internal.invokers.TestInvoker.invokeMethod(TestInvoker.java:781)
	at org.testng.internal.invokers.TestInvoker.invokeTestMethod(TestInvoker.java:230)
	at org.testng.internal.invokers.MethodRunner.runInSequence(MethodRunner.java:63)
	at org.testng.internal.invokers.TestInvoker$MethodInvocationAgent.invoke(TestInvoker.java:995)
	at org.testng.internal.invokers.TestInvoker.invokeTestMethods(TestInvoker.java:203)
	at org.testng.internal.invokers.TestMethodWorker.invokeTestMethods(TestMethodWorker.java:154)
	at org.testng.internal.invokers.TestMethodWorker.run(TestMethodWorker.java:134)
	at java.base/java.util.ArrayList.forEach(ArrayList.java:1541)
	at org.testng.TestRunner.privateRun(TestRunner.java:741)
	at org.testng.TestRunner.run(TestRunner.java:616)
	at org.testng.SuiteRunner.runTest(SuiteRunner.java:421)
	at org.testng.SuiteRunner.runSequentially(SuiteRunner.java:413)
	at org.testng.SuiteRunner.privateRun(SuiteRunner.java:373)
	at org.testng.SuiteRunner.run(SuiteRunner.java:312)
	at org.testng.SuiteRunnerWorker.runSuite(SuiteRunnerWorker.java:52)
	at org.testng.SuiteRunnerWorker.run(SuiteRunnerWorker.java:95)
	at org.testng.TestNG.runSuitesSequentially(TestNG.java:1274)
	at org.testng.TestNG.runSuitesLocally(TestNG.java:1208)
	at org.testng.TestNG.runSuites(TestNG.java:1112)
	at org.testng.TestNG.run(TestNG.java:1079)
	at org.apache.maven.surefire.testng.TestNGExecutor.run(TestNGExecutor.java:135)
	at org.apache.maven.surefire.testng.TestNGDirectoryTestSuite.executeSingleClass(TestNGDirectoryTestSuite.java:112)
	at org.apache.maven.surefire.testng.TestNGDirectoryTestSuite.execute(TestNGDirectoryTestSuite.java:99)
	at org.apache.maven.surefire.testng.TestNGProvider.invoke(TestNGProvider.java:146)
	at org.apache.maven.surefire.booter.ForkedBooter.invokeProviderInSameClassLoader(ForkedBooter.java:384)
	at org.apache.maven.surefire.booter.ForkedBooter.runSuitesInProcess(ForkedBooter.java:345)
	at org.apache.maven.surefire.booter.ForkedBooter.execute(ForkedBooter.java:126)
	at org.apache.maven.surefire.booter.ForkedBooter.main(ForkedBooter.java:418)
Aug 17, 2025 8:59:17 PM org.openqa.selenium.devtools.CdpVersionFinder findNearestMatch
WARNING: Unable to find an exact match for CDP version 139, returning the closest version; found: 138; Please update to a Selenium version that supports CDP version 139
]]></system-err>
  </testcase>
  <testcase name="setUp" classname="com.example.java.testcases.PIMTest" time="45.167">
    <failure message="no such element: Unable to locate element: {&quot;method&quot;:&quot;xpath&quot;,&quot;selector&quot;:&quot;//h6[normalize-space()=&apos;Dashboard&apos;]&quot;}&#10;  (Session info: chrome=139.0.7258.128)&#10;For documentation on this error, please visit: https://www.selenium.dev/documentation/webdriver/troubleshooting/errors#no-such-element-exception&#10;Build info: version: &apos;4.34.0&apos;, revision: &apos;707dcb4246*&apos;&#10;System info: os.name: &apos;Windows 11&apos;, os.arch: &apos;amd64&apos;, os.version: &apos;10.0&apos;, java.version: &apos;11.0.28&apos;&#10;Driver info: org.openqa.selenium.chrome.ChromeDriver&#10;Command: [6bd6e344c1f77fc2f191f80a0e6c3fcd, findElement {using=xpath, value=//h6[normalize-space()=&apos;Dashboard&apos;]}]&#10;Capabilities {acceptInsecureCerts: false, browserName: chrome, browserVersion: 139.0.7258.128, chrome: {chromedriverVersion: 139.0.7258.68 (40ff94600b6e..., userDataDir: C:\Users\62812\AppData\Loca...}, fedcm:accounts: true, goog:chromeOptions: {debuggerAddress: localhost:62119}, networkConnectionEnabled: false, pageLoadStrategy: normal, platformName: windows, proxy: Proxy(), se:cdp: ws://localhost:62119/devtoo..., se:cdpVersion: 139.0.7258.128, setWindowRect: true, strictFileInteractability: false, timeouts: {implicit: 0, pageLoad: 300000, script: 30000}, unhandledPromptBehavior: dismiss and notify, webauthn:extension:credBlob: true, webauthn:extension:largeBlob: true, webauthn:extension:minPinLength: true, webauthn:extension:prf: true, webauthn:virtualAuthenticators: true}&#10;Session ID: 6bd6e344c1f77fc2f191f80a0e6c3fcd" type="org.openqa.selenium.NoSuchElementException">org.openqa.selenium.NoSuchElementException: 
no such element: Unable to locate element: {"method":"xpath","selector":"//h6[normalize-space()='Dashboard']"}
  (Session info: chrome=139.0.7258.128)
For documentation on this error, please visit: https://www.selenium.dev/documentation/webdriver/troubleshooting/errors#no-such-element-exception
Build info: version: '4.34.0', revision: '707dcb4246*'
System info: os.name: 'Windows 11', os.arch: 'amd64', os.version: '10.0', java.version: '11.0.28'
Driver info: org.openqa.selenium.chrome.ChromeDriver
Command: [6bd6e344c1f77fc2f191f80a0e6c3fcd, findElement {using=xpath, value=//h6[normalize-space()='Dashboard']}]
Capabilities {acceptInsecureCerts: false, browserName: chrome, browserVersion: 139.0.7258.128, chrome: {chromedriverVersion: 139.0.7258.68 (40ff94600b6e..., userDataDir: C:\Users\62812\AppData\Loca...}, fedcm:accounts: true, goog:chromeOptions: {debuggerAddress: localhost:62119}, networkConnectionEnabled: false, pageLoadStrategy: normal, platformName: windows, proxy: Proxy(), se:cdp: ws://localhost:62119/devtoo..., se:cdpVersion: 139.0.7258.128, setWindowRect: true, strictFileInteractability: false, timeouts: {implicit: 0, pageLoad: 300000, script: 30000}, unhandledPromptBehavior: dismiss and notify, webauthn:extension:credBlob: true, webauthn:extension:largeBlob: true, webauthn:extension:minPinLength: true, webauthn:extension:prf: true, webauthn:virtualAuthenticators: true}
Session ID: 6bd6e344c1f77fc2f191f80a0e6c3fcd
</failure>
    <system-out><![CDATA[? Test failed: testAddNewEmployeeWithMissingFirstName
Screenshot saved: E:\BANGKIT\DATA_Bangkit\belajar terus bree\Automation-learn\hrmorange_selenium_allure_1\target\screenshots\testAddNewEmployeeWithMissingFirstName_failure.png
Launching browser: chrome
>>>Running test: PIMTest.testAddNewEmployeeWithMissingLastName
Auto-login as admin for test: PIMTest.testAddNewEmployeeWithMissingLastName
]]></system-out>
    <system-err><![CDATA[Failed to save screenshot: E:\BANGKIT\DATA_Bangkit\belajar terus bree\Automation-learn\hrmorange_selenium_allure_1\target\screenshots\testAddNewEmployeeWithMissingFirstName_failure.png
java.nio.file.FileAlreadyExistsException: E:\BANGKIT\DATA_Bangkit\belajar terus bree\Automation-learn\hrmorange_selenium_allure_1\target\screenshots\testAddNewEmployeeWithMissingFirstName_failure.png
	at java.base/sun.nio.fs.WindowsFileCopy.copy(WindowsFileCopy.java:123)
	at java.base/sun.nio.fs.WindowsFileSystemProvider.copy(WindowsFileSystemProvider.java:283)
	at java.base/java.nio.file.Files.copy(Files.java:1295)
	at com.example.java.utilities.Screenshot.takeScreenshot(Screenshot.java:28)
	at com.example.java.base.BaseTest.tearDown(BaseTest.java:87)
	at java.base/jdk.internal.reflect.NativeMethodAccessorImpl.invoke0(Native Method)
	at java.base/jdk.internal.reflect.NativeMethodAccessorImpl.invoke(NativeMethodAccessorImpl.java:62)
	at java.base/jdk.internal.reflect.DelegatingMethodAccessorImpl.invoke(DelegatingMethodAccessorImpl.java:43)
	at java.base/java.lang.reflect.Method.invoke(Method.java:566)
	at org.testng.internal.invokers.MethodInvocationHelper.invokeMethod(MethodInvocationHelper.java:141)
	at org.testng.internal.invokers.MethodInvocationHelper.invokeMethodConsideringTimeout(MethodInvocationHelper.java:71)
	at org.testng.internal.invokers.ConfigInvoker.invokeConfigurationMethod(ConfigInvoker.java:400)
	at org.testng.internal.invokers.ConfigInvoker.invokeConfigurations(ConfigInvoker.java:333)
	at org.testng.internal.invokers.TestInvoker.runConfigMethods(TestInvoker.java:836)
	at org.testng.internal.invokers.TestInvoker.runAfterConfigurations(TestInvoker.java:805)
	at org.testng.internal.invokers.TestInvoker.invokeMethod(TestInvoker.java:781)
	at org.testng.internal.invokers.TestInvoker.invokeTestMethod(TestInvoker.java:230)
	at org.testng.internal.invokers.MethodRunner.runInSequence(MethodRunner.java:63)
	at org.testng.internal.invokers.TestInvoker$MethodInvocationAgent.invoke(TestInvoker.java:995)
	at org.testng.internal.invokers.TestInvoker.invokeTestMethods(TestInvoker.java:203)
	at org.testng.internal.invokers.TestMethodWorker.invokeTestMethods(TestMethodWorker.java:154)
	at org.testng.internal.invokers.TestMethodWorker.run(TestMethodWorker.java:134)
	at java.base/java.util.ArrayList.forEach(ArrayList.java:1541)
	at org.testng.TestRunner.privateRun(TestRunner.java:741)
	at org.testng.TestRunner.run(TestRunner.java:616)
	at org.testng.SuiteRunner.runTest(SuiteRunner.java:421)
	at org.testng.SuiteRunner.runSequentially(SuiteRunner.java:413)
	at org.testng.SuiteRunner.privateRun(SuiteRunner.java:373)
	at org.testng.SuiteRunner.run(SuiteRunner.java:312)
	at org.testng.SuiteRunnerWorker.runSuite(SuiteRunnerWorker.java:52)
	at org.testng.SuiteRunnerWorker.run(SuiteRunnerWorker.java:95)
	at org.testng.TestNG.runSuitesSequentially(TestNG.java:1274)
	at org.testng.TestNG.runSuitesLocally(TestNG.java:1208)
	at org.testng.TestNG.runSuites(TestNG.java:1112)
	at org.testng.TestNG.run(TestNG.java:1079)
	at org.apache.maven.surefire.testng.TestNGExecutor.run(TestNGExecutor.java:135)
	at org.apache.maven.surefire.testng.TestNGDirectoryTestSuite.executeSingleClass(TestNGDirectoryTestSuite.java:112)
	at org.apache.maven.surefire.testng.TestNGDirectoryTestSuite.execute(TestNGDirectoryTestSuite.java:99)
	at org.apache.maven.surefire.testng.TestNGProvider.invoke(TestNGProvider.java:146)
	at org.apache.maven.surefire.booter.ForkedBooter.invokeProviderInSameClassLoader(ForkedBooter.java:384)
	at org.apache.maven.surefire.booter.ForkedBooter.runSuitesInProcess(ForkedBooter.java:345)
	at org.apache.maven.surefire.booter.ForkedBooter.execute(ForkedBooter.java:126)
	at org.apache.maven.surefire.booter.ForkedBooter.main(ForkedBooter.java:418)
Aug 17, 2025 8:59:52 PM org.openqa.selenium.devtools.CdpVersionFinder findNearestMatch
WARNING: Unable to find an exact match for CDP version 139, returning the closest version; found: 138; Please update to a Selenium version that supports CDP version 139
]]></system-err>
  </testcase>
  <testcase name="setUpPIMPage" classname="com.example.java.testcases.PIMTest" time="0">
    <skipped/>
  </testcase>
  <testcase name="setUpPIMPage" classname="com.example.java.testcases.PIMTest" time="0">
    <skipped/>
    <system-out><![CDATA[?? Test skipped: testAddNewEmployeeWithMissingLastName
Launching browser: chrome
>>>Running test: PIMTest.testAddNewEmployeeWithWeakPassword
Auto-login as admin for test: PIMTest.testAddNewEmployeeWithWeakPassword
Logged in as Admin successfully.
]]></system-out>
    <system-err><![CDATA[Aug 17, 2025 9:00:13 PM org.openqa.selenium.devtools.CdpVersionFinder findNearestMatch
WARNING: Unable to find an exact match for CDP version 139, returning the closest version; found: 138; Please update to a Selenium version that supports CDP version 139
]]></system-err>
  </testcase>
  <testcase name="setUpPIMPage" classname="com.example.java.testcases.PIMTest" time="0">
    <skipped/>
    <system-out><![CDATA[?? Test skipped: testAddNewEmployeeWithWeakPassword
Launching browser: chrome
>>>Running test: PIMTest.testCheckEmployeeOnEmployeeList
Auto-login as admin for test: PIMTest.testCheckEmployeeOnEmployeeList
Logged in as Admin successfully.
]]></system-out>
    <system-err><![CDATA[Aug 17, 2025 9:00:22 PM org.openqa.selenium.devtools.CdpVersionFinder findNearestMatch
WARNING: Unable to find an exact match for CDP version 139, returning the closest version; found: 138; Please update to a Selenium version that supports CDP version 139
]]></system-err>
  </testcase>
  <testcase name="setUpPIMPage" classname="com.example.java.testcases.PIMTest" time="0">
    <skipped/>
    <system-out><![CDATA[?? Test skipped: testCheckEmployeeOnEmployeeList
Launching browser: chrome
>>>Running test: PIMTest.testNavigateToPIM
Auto-login as admin for test: PIMTest.testNavigateToPIM
Logged in as Admin successfully.
]]></system-out>
    <system-err><![CDATA[Aug 17, 2025 9:00:33 PM org.openqa.selenium.devtools.CdpVersionFinder findNearestMatch
WARNING: Unable to find an exact match for CDP version 139, returning the closest version; found: 138; Please update to a Selenium version that supports CDP version 139
]]></system-err>
  </testcase>
  <testcase name="testAddNewEmployeeWithMissingLastName" classname="com.example.java.testcases.PIMTest" time="0">
    <skipped message="no such element: Unable to locate element: {&quot;method&quot;:&quot;xpath&quot;,&quot;selector&quot;:&quot;//h6[normalize-space()=&apos;Dashboard&apos;]&quot;}&#10;  (Session info: chrome=139.0.7258.128)&#10;For documentation on this error, please visit: https://www.selenium.dev/documentation/webdriver/troubleshooting/errors#no-such-element-exception&#10;Build info: version: &apos;4.34.0&apos;, revision: &apos;707dcb4246*&apos;&#10;System info: os.name: &apos;Windows 11&apos;, os.arch: &apos;amd64&apos;, os.version: &apos;10.0&apos;, java.version: &apos;11.0.28&apos;&#10;Driver info: org.openqa.selenium.chrome.ChromeDriver&#10;Command: [6bd6e344c1f77fc2f191f80a0e6c3fcd, findElement {using=xpath, value=//h6[normalize-space()=&apos;Dashboard&apos;]}]&#10;Capabilities {acceptInsecureCerts: false, browserName: chrome, browserVersion: 139.0.7258.128, chrome: {chromedriverVersion: 139.0.7258.68 (40ff94600b6e..., userDataDir: C:\Users\62812\AppData\Loca...}, fedcm:accounts: true, goog:chromeOptions: {debuggerAddress: localhost:62119}, networkConnectionEnabled: false, pageLoadStrategy: normal, platformName: windows, proxy: Proxy(), se:cdp: ws://localhost:62119/devtoo..., se:cdpVersion: 139.0.7258.128, setWindowRect: true, strictFileInteractability: false, timeouts: {implicit: 0, pageLoad: 300000, script: 30000}, unhandledPromptBehavior: dismiss and notify, webauthn:extension:credBlob: true, webauthn:extension:largeBlob: true, webauthn:extension:minPinLength: true, webauthn:extension:prf: true, webauthn:virtualAuthenticators: true}&#10;Session ID: 6bd6e344c1f77fc2f191f80a0e6c3fcd"/>
    <system-out><![CDATA[? Starting test: testAddNewEmployeeWithMissingLastName
]]></system-out>
  </testcase>
  <testcase name="testAddNewEmployeeWithWeakPassword" classname="com.example.java.testcases.PIMTest" time="0">
    <skipped message="no such element: Unable to locate element: {&quot;method&quot;:&quot;xpath&quot;,&quot;selector&quot;:&quot;//h6[normalize-space()=&apos;Dashboard&apos;]&quot;}&#10;  (Session info: chrome=139.0.7258.128)&#10;For documentation on this error, please visit: https://www.selenium.dev/documentation/webdriver/troubleshooting/errors#no-such-element-exception&#10;Build info: version: &apos;4.34.0&apos;, revision: &apos;707dcb4246*&apos;&#10;System info: os.name: &apos;Windows 11&apos;, os.arch: &apos;amd64&apos;, os.version: &apos;10.0&apos;, java.version: &apos;11.0.28&apos;&#10;Driver info: org.openqa.selenium.chrome.ChromeDriver&#10;Command: [6bd6e344c1f77fc2f191f80a0e6c3fcd, findElement {using=xpath, value=//h6[normalize-space()=&apos;Dashboard&apos;]}]&#10;Capabilities {acceptInsecureCerts: false, browserName: chrome, browserVersion: 139.0.7258.128, chrome: {chromedriverVersion: 139.0.7258.68 (40ff94600b6e..., userDataDir: C:\Users\62812\AppData\Loca...}, fedcm:accounts: true, goog:chromeOptions: {debuggerAddress: localhost:62119}, networkConnectionEnabled: false, pageLoadStrategy: normal, platformName: windows, proxy: Proxy(), se:cdp: ws://localhost:62119/devtoo..., se:cdpVersion: 139.0.7258.128, setWindowRect: true, strictFileInteractability: false, timeouts: {implicit: 0, pageLoad: 300000, script: 30000}, unhandledPromptBehavior: dismiss and notify, webauthn:extension:credBlob: true, webauthn:extension:largeBlob: true, webauthn:extension:minPinLength: true, webauthn:extension:prf: true, webauthn:virtualAuthenticators: true}&#10;Session ID: 6bd6e344c1f77fc2f191f80a0e6c3fcd"/>
    <system-out><![CDATA[? Starting test: testAddNewEmployeeWithWeakPassword
]]></system-out>
  </testcase>
  <testcase name="testCheckEmployeeOnEmployeeList" classname="com.example.java.testcases.PIMTest" time="0">
    <skipped message="no such element: Unable to locate element: {&quot;method&quot;:&quot;xpath&quot;,&quot;selector&quot;:&quot;//h6[normalize-space()=&apos;Dashboard&apos;]&quot;}&#10;  (Session info: chrome=139.0.7258.128)&#10;For documentation on this error, please visit: https://www.selenium.dev/documentation/webdriver/troubleshooting/errors#no-such-element-exception&#10;Build info: version: &apos;4.34.0&apos;, revision: &apos;707dcb4246*&apos;&#10;System info: os.name: &apos;Windows 11&apos;, os.arch: &apos;amd64&apos;, os.version: &apos;10.0&apos;, java.version: &apos;11.0.28&apos;&#10;Driver info: org.openqa.selenium.chrome.ChromeDriver&#10;Command: [6bd6e344c1f77fc2f191f80a0e6c3fcd, findElement {using=xpath, value=//h6[normalize-space()=&apos;Dashboard&apos;]}]&#10;Capabilities {acceptInsecureCerts: false, browserName: chrome, browserVersion: 139.0.7258.128, chrome: {chromedriverVersion: 139.0.7258.68 (40ff94600b6e..., userDataDir: C:\Users\62812\AppData\Loca...}, fedcm:accounts: true, goog:chromeOptions: {debuggerAddress: localhost:62119}, networkConnectionEnabled: false, pageLoadStrategy: normal, platformName: windows, proxy: Proxy(), se:cdp: ws://localhost:62119/devtoo..., se:cdpVersion: 139.0.7258.128, setWindowRect: true, strictFileInteractability: false, timeouts: {implicit: 0, pageLoad: 300000, script: 30000}, unhandledPromptBehavior: dismiss and notify, webauthn:extension:credBlob: true, webauthn:extension:largeBlob: true, webauthn:extension:minPinLength: true, webauthn:extension:prf: true, webauthn:virtualAuthenticators: true}&#10;Session ID: 6bd6e344c1f77fc2f191f80a0e6c3fcd"/>
    <system-out><![CDATA[? Starting test: testCheckEmployeeOnEmployeeList
]]></system-out>
  </testcase>
  <testcase name="testNavigateToPIM" classname="com.example.java.testcases.PIMTest" time="0">
    <skipped message="no such element: Unable to locate element: {&quot;method&quot;:&quot;xpath&quot;,&quot;selector&quot;:&quot;//h6[normalize-space()=&apos;Dashboard&apos;]&quot;}&#10;  (Session info: chrome=139.0.7258.128)&#10;For documentation on this error, please visit: https://www.selenium.dev/documentation/webdriver/troubleshooting/errors#no-such-element-exception&#10;Build info: version: &apos;4.34.0&apos;, revision: &apos;707dcb4246*&apos;&#10;System info: os.name: &apos;Windows 11&apos;, os.arch: &apos;amd64&apos;, os.version: &apos;10.0&apos;, java.version: &apos;11.0.28&apos;&#10;Driver info: org.openqa.selenium.chrome.ChromeDriver&#10;Command: [6bd6e344c1f77fc2f191f80a0e6c3fcd, findElement {using=xpath, value=//h6[normalize-space()=&apos;Dashboard&apos;]}]&#10;Capabilities {acceptInsecureCerts: false, browserName: chrome, browserVersion: 139.0.7258.128, chrome: {chromedriverVersion: 139.0.7258.68 (40ff94600b6e..., userDataDir: C:\Users\62812\AppData\Loca...}, fedcm:accounts: true, goog:chromeOptions: {debuggerAddress: localhost:62119}, networkConnectionEnabled: false, pageLoadStrategy: normal, platformName: windows, proxy: Proxy(), se:cdp: ws://localhost:62119/devtoo..., se:cdpVersion: 139.0.7258.128, setWindowRect: true, strictFileInteractability: false, timeouts: {implicit: 0, pageLoad: 300000, script: 30000}, unhandledPromptBehavior: dismiss and notify, webauthn:extension:credBlob: true, webauthn:extension:largeBlob: true, webauthn:extension:minPinLength: true, webauthn:extension:prf: true, webauthn:virtualAuthenticators: true}&#10;Session ID: 6bd6e344c1f77fc2f191f80a0e6c3fcd"/>
    <system-out><![CDATA[? Starting test: testNavigateToPIM
]]></system-out>
  </testcase>
</testsuite>