<?xml version="1.0" encoding="UTF-8"?>
<testng-results ignored="6" total="7" passed="1" failed="0" skipped="0">
  <reporter-output>
  </reporter-output>
  <suite started-at="2025-08-16T23:36:20 WIB" name="Surefire suite" finished-at="2025-08-16T23:36:45 WIB" duration-ms="25001">
    <groups>
    </groups>
    <test started-at="2025-08-16T23:36:20 WIB" name="Surefire test" finished-at="2025-08-16T23:36:45 WIB" duration-ms="25001">
      <class name="com.example.java.testcases.PIMTest">
        <test-method is-config="true" signature="setUp(java.lang.reflect.Method)[pri:0, instance:com.example.java.testcases.PIMTest@2bb3058]" started-at="2025-08-16T23:36:20 WIB" name="setUp" finished-at="2025-08-16T23:36:32 WIB" duration-ms="12122" status="PASS">
          <params>
            <param index="0">
              <value>
                <![CDATA[public void com.example.java.testcases.PIMTest.testAddNewEmployee()]]>
              </value>
            </param>
          </params>
          <reporter-output>
          </reporter-output>
        </test-method> <!-- setUp -->
        <test-method is-config="true" signature="setUpPIMPage()[pri:0, instance:com.example.java.testcases.PIMTest@2bb3058]" started-at="2025-08-16T23:36:32 WIB" name="setUpPIMPage" finished-at="2025-08-16T23:36:34 WIB" duration-ms="1603" status="PASS">
          <reporter-output>
          </reporter-output>
        </test-method> <!-- setUpPIMPage -->
        <test-method signature="testAddNewEmployee()[pri:0, instance:com.example.java.testcases.PIMTest@2bb3058]" started-at="2025-08-16T23:36:34 WIB" name="testAddNewEmployee" description="Verify adding a new employee" finished-at="2025-08-16T23:36:44 WIB" duration-ms="10298" status="PASS">
          <reporter-output>
          </reporter-output>
        </test-method> <!-- testAddNewEmployee -->
        <test-method is-config="true" signature="tearDown(org.testng.ITestResult)[pri:0, instance:com.example.java.testcases.PIMTest@2bb3058]" started-at="2025-08-16T23:36:45 WIB" name="tearDown" finished-at="2025-08-16T23:36:45 WIB" duration-ms="456" status="PASS">
          <params>
            <param index="0">
              <value>
                <![CDATA[[TestResult name=testAddNewEmployee status=SUCCESS method=PIMTest.testAddNewEmployee()[pri:0, instance:com.example.java.testcases.PIMTest@2bb3058] output={null}]]]>
              </value>
            </param>
          </params>
          <reporter-output>
          </reporter-output>
        </test-method> <!-- tearDown -->
      </class> <!-- com.example.java.testcases.PIMTest -->
    </test> <!-- Surefire test -->
  </suite> <!-- Surefire suite -->
</testng-results>
