<?xml version="1.0" encoding="UTF-8"?>
<testsuite xmlns:xsi="http://www.w3.org/2001/XMLSchema-instance" xsi:noNamespaceSchemaLocation="https://maven.apache.org/surefire/maven-surefire-plugin/xsd/surefire-test-report-3.0.xsd" version="3.0" name="TestSuite" time="266.165" tests="23" errors="0" skipped="4" failures="2">
  <properties>
[...]
</properties>
  <testcase name="testClickAdminButton" classname="com.example.java.testcases.DashboardTest" time="2.982">
    <system-out><![CDATA[📘 Starting test suite: Dashboard-Section-Test
Launching browser: chrome
>>>Running test: DashboardTest.testClickAdminButton
Auto-login as admin for test: DashboardTest.testClickAdminButton
Logged in as Admin successfully.
🟢 Starting test: testClickAdminButton
Admin page header found: Admin
]]></system-out>
    <system-err><![CDATA[SLF4J(W): No SLF4J providers were found.
SLF4J(W): Defaulting to no-operation (NOP) logger implementation
SLF4J(W): See https://www.slf4j.org/codes.html#noProviders for further details.
]]></system-err>
  </testcase>
  <testcase name="testClickDirectoryButton" classname="com.example.java.testcases.DashboardTest" time="2.606">
    <system-out><![CDATA[✅ Test passed: testClickAdminButton
Screenshot saved: E:\BANGKIT\DATA_Bangkit\belajar terus bree\Automation-learn\hrmorange_selenium_allure_1\target\screenshots\testClickAdminButton.png
Launching browser: chrome
>>>Running test: DashboardTest.testClickDirectoryButton
Auto-login as admin for test: DashboardTest.testClickDirectoryButton
Logged in as Admin successfully.
🟢 Starting test: testClickDirectoryButton
Directory page header found: Directory
]]></system-out>
  </testcase>
  <testcase name="testClickLeaveButton" classname="com.example.java.testcases.DashboardTest" time="1.837">
    <system-out><![CDATA[✅ Test passed: testClickDirectoryButton
Screenshot saved: E:\BANGKIT\DATA_Bangkit\belajar terus bree\Automation-learn\hrmorange_selenium_allure_1\target\screenshots\testClickDirectoryButton.png
Launching browser: chrome
>>>Running test: DashboardTest.testClickLeaveButton
Auto-login as admin for test: DashboardTest.testClickLeaveButton
Logged in as Admin successfully.
🟢 Starting test: testClickLeaveButton
Leave page header found: Leave
]]></system-out>
  </testcase>
  <testcase name="testClickMyInfoButton" classname="com.example.java.testcases.DashboardTest" time="1.603">
    <system-out><![CDATA[✅ Test passed: testClickLeaveButton
Screenshot saved: E:\BANGKIT\DATA_Bangkit\belajar terus bree\Automation-learn\hrmorange_selenium_allure_1\target\screenshots\testClickLeaveButton.png
Launching browser: chrome
>>>Running test: DashboardTest.testClickMyInfoButton
Auto-login as admin for test: DashboardTest.testClickMyInfoButton
Logged in as Admin successfully.
🟢 Starting test: testClickMyInfoButton
My Info page header found: PIM
]]></system-out>
  </testcase>
  <testcase name="testClickPIMButton" classname="com.example.java.testcases.DashboardTest" time="1.583">
    <system-out><![CDATA[✅ Test passed: testClickMyInfoButton
Screenshot saved: E:\BANGKIT\DATA_Bangkit\belajar terus bree\Automation-learn\hrmorange_selenium_allure_1\target\screenshots\testClickMyInfoButton.png
Launching browser: chrome
>>>Running test: DashboardTest.testClickPIMButton
Auto-login as admin for test: DashboardTest.testClickPIMButton
Logged in as Admin successfully.
🟢 Starting test: testClickPIMButton
PIM page header found: PIM
]]></system-out>
  </testcase>
  <testcase name="testClickPerformanceButton" classname="com.example.java.testcases.DashboardTest" time="1.576">
    <system-out><![CDATA[✅ Test passed: testClickPIMButton
Screenshot saved: E:\BANGKIT\DATA_Bangkit\belajar terus bree\Automation-learn\hrmorange_selenium_allure_1\target\screenshots\testClickPIMButton.png
Launching browser: chrome
>>>Running test: DashboardTest.testClickPerformanceButton
Auto-login as admin for test: DashboardTest.testClickPerformanceButton
Logged in as Admin successfully.
🟢 Starting test: testClickPerformanceButton
Performance page header found: Performance
Manage Reviews
]]></system-out>
  </testcase>
  <testcase name="testClickRecruitmentButton" classname="com.example.java.testcases.DashboardTest" time="1.575">
    <system-out><![CDATA[✅ Test passed: testClickPerformanceButton
Screenshot saved: E:\BANGKIT\DATA_Bangkit\belajar terus bree\Automation-learn\hrmorange_selenium_allure_1\target\screenshots\testClickPerformanceButton.png
Launching browser: chrome
>>>Running test: DashboardTest.testClickRecruitmentButton
Auto-login as admin for test: DashboardTest.testClickRecruitmentButton
Logged in as Admin successfully.
🟢 Starting test: testClickRecruitmentButton
Recruitment page header found: Recruitment
]]></system-out>
  </testcase>
  <testcase name="setUp[public void com.example.java.testcases.DashboardTest.testClickTimeButton()](0)" classname="com.example.java.testcases.DashboardTest" time="13.388">
    <failure message="invalid session id: session deleted as the browser has closed the connection&#10;from disconnected: unable to send message to renderer&#10;  (Session info: chrome=139.0.7258.128)&#10;Build info: version: &apos;4.35.0&apos;, revision: &apos;1c58e5028b&apos;&#10;System info: os.name: &apos;Windows 11&apos;, os.arch: &apos;amd64&apos;, os.version: &apos;10.0&apos;, java.version: &apos;11.0.28&apos;&#10;Driver info: org.openqa.selenium.chrome.ChromeDriver&#10;Command: [ce2bd4ffccd27fba5680e671be67e53a, findElement {using=css selector, value=input[placeholder=&apos;Username&apos;]}]&#10;Capabilities {acceptInsecureCerts: false, browserName: chrome, browserVersion: 139.0.7258.128, chrome: {chromedriverVersion: 139.0.7258.138 (884e54ea8d4..., userDataDir: C:\Users\62812\AppData\Loca...}, fedcm:accounts: true, goog:chromeOptions: {debuggerAddress: localhost:50499}, networkConnectionEnabled: false, pageLoadStrategy: normal, platformName: windows, proxy: Proxy(), se:cdp: ws://localhost:50499/devtoo..., se:cdpVersion: 139.0.7258.128, setWindowRect: true, strictFileInteractability: false, timeouts: {implicit: 0, pageLoad: 300000, script: 30000}, unhandledPromptBehavior: dismiss and notify, webauthn:extension:credBlob: true, webauthn:extension:largeBlob: true, webauthn:extension:minPinLength: true, webauthn:extension:prf: true, webauthn:virtualAuthenticators: true}&#10;Session ID: ce2bd4ffccd27fba5680e671be67e53a" type="org.openqa.selenium.NoSuchSessionException"><![CDATA[org.openqa.selenium.NoSuchSessionException: 
invalid session id: session deleted as the browser has closed the connection
from disconnected: unable to send message to renderer
  (Session info: chrome=139.0.7258.128)
Build info: version: '4.35.0', revision: '1c58e5028b'
System info: os.name: 'Windows 11', os.arch: 'amd64', os.version: '10.0', java.version: '11.0.28'
Driver info: org.openqa.selenium.chrome.ChromeDriver
Command: [ce2bd4ffccd27fba5680e671be67e53a, findElement {using=css selector, value=input[placeholder='Username']}]
Capabilities {acceptInsecureCerts: false, browserName: chrome, browserVersion: 139.0.7258.128, chrome: {chromedriverVersion: 139.0.7258.138 (884e54ea8d4..., userDataDir: C:\Users\62812\AppData\Loca...}, fedcm:accounts: true, goog:chromeOptions: {debuggerAddress: localhost:50499}, networkConnectionEnabled: false, pageLoadStrategy: normal, platformName: windows, proxy: Proxy(), se:cdp: ws://localhost:50499/devtoo..., se:cdpVersion: 139.0.7258.128, setWindowRect: true, strictFileInteractability: false, timeouts: {implicit: 0, pageLoad: 300000, script: 30000}, unhandledPromptBehavior: dismiss and notify, webauthn:extension:credBlob: true, webauthn:extension:largeBlob: true, webauthn:extension:minPinLength: true, webauthn:extension:prf: true, webauthn:virtualAuthenticators: true}
Session ID: ce2bd4ffccd27fba5680e671be67e53a
	at java.base/jdk.internal.reflect.NativeConstructorAccessorImpl.newInstance0(Native Method)
	at java.base/jdk.internal.reflect.NativeConstructorAccessorImpl.newInstance(NativeConstructorAccessorImpl.java:62)
	at java.base/jdk.internal.reflect.DelegatingConstructorAccessorImpl.newInstance(DelegatingConstructorAccessorImpl.java:45)
	at java.base/java.lang.reflect.Constructor.newInstance(Constructor.java:490)
	at org.openqa.selenium.remote.ErrorCodec.decode(ErrorCodec.java:167)
	at org.openqa.selenium.remote.codec.w3c.W3CHttpResponseCodec.decode(W3CHttpResponseCodec.java:138)
	at org.openqa.selenium.remote.codec.w3c.W3CHttpResponseCodec.decode(W3CHttpResponseCodec.java:50)
	at org.openqa.selenium.remote.HttpCommandExecutor.execute(HttpCommandExecutor.java:215)
	at org.openqa.selenium.remote.service.DriverCommandExecutor.invokeExecute(DriverCommandExecutor.java:216)
	at org.openqa.selenium.remote.service.DriverCommandExecutor.execute(DriverCommandExecutor.java:174)
	at org.openqa.selenium.remote.RemoteWebDriver.execute(RemoteWebDriver.java:557)
	at org.openqa.selenium.remote.ElementLocation$ElementFinder$2.findElement(ElementLocation.java:165)
	at org.openqa.selenium.remote.ElementLocation.findElement(ElementLocation.java:59)
	at org.openqa.selenium.remote.RemoteWebDriver.findElement(RemoteWebDriver.java:380)
	at org.openqa.selenium.remote.RemoteWebDriver.findElement(RemoteWebDriver.java:374)
	at org.openqa.selenium.support.ui.ExpectedConditions$7.apply(ExpectedConditions.java:194)
	at org.openqa.selenium.support.ui.ExpectedConditions$7.apply(ExpectedConditions.java:190)
	at org.openqa.selenium.support.ui.FluentWait.until(FluentWait.java:203)
	at com.example.java.page.LoginPage.navigateToLogin(LoginPage.java:30)
	at com.example.java.base.BaseTest.loginAsAdmin(BaseTest.java:110)
	at com.example.java.base.BaseTest.setUp(BaseTest.java:75)
	at java.base/jdk.internal.reflect.NativeMethodAccessorImpl.invoke0(Native Method)
	at java.base/jdk.internal.reflect.NativeMethodAccessorImpl.invoke(NativeMethodAccessorImpl.java:62)
	at java.base/jdk.internal.reflect.DelegatingMethodAccessorImpl.invoke(DelegatingMethodAccessorImpl.java:43)
	at java.base/java.lang.reflect.Method.invoke(Method.java:566)
	at org.testng.internal.invokers.MethodInvocationHelper.invokeMethod(MethodInvocationHelper.java:141)
	at org.testng.internal.invokers.MethodInvocationHelper.invokeMethodConsideringTimeout(MethodInvocationHelper.java:71)
	at org.testng.internal.invokers.ConfigInvoker.invokeConfigurationMethod(ConfigInvoker.java:400)
	at org.testng.internal.invokers.ConfigInvoker.invokeConfigurations(ConfigInvoker.java:333)
	at org.testng.internal.invokers.TestInvoker.runConfigMethods(TestInvoker.java:836)
	at org.testng.internal.invokers.TestInvoker.invokeMethod(TestInvoker.java:601)
	at org.testng.internal.invokers.TestInvoker.invokeTestMethod(TestInvoker.java:230)
	at org.testng.internal.invokers.MethodRunner.runInSequence(MethodRunner.java:63)
	at org.testng.internal.invokers.TestInvoker$MethodInvocationAgent.invoke(TestInvoker.java:995)
	at org.testng.internal.invokers.TestInvoker.invokeTestMethods(TestInvoker.java:203)
	at org.testng.internal.invokers.TestMethodWorker.invokeTestMethods(TestMethodWorker.java:154)
	at org.testng.internal.invokers.TestMethodWorker.run(TestMethodWorker.java:134)
	at java.base/java.util.ArrayList.forEach(ArrayList.java:1541)
	at org.testng.TestRunner.privateRun(TestRunner.java:741)
	at org.testng.TestRunner.run(TestRunner.java:616)
	at org.testng.SuiteRunner.runTest(SuiteRunner.java:421)
	at org.testng.SuiteRunner.runSequentially(SuiteRunner.java:413)
	at org.testng.SuiteRunner.privateRun(SuiteRunner.java:373)
	at org.testng.SuiteRunner.run(SuiteRunner.java:312)
	at org.testng.SuiteRunnerWorker.runSuite(SuiteRunnerWorker.java:52)
	at org.testng.SuiteRunnerWorker.run(SuiteRunnerWorker.java:95)
	at org.testng.TestNG.runSuitesSequentially(TestNG.java:1274)
	at org.testng.TestNG.runSuitesLocally(TestNG.java:1208)
	at org.testng.TestNG.runSuites(TestNG.java:1112)
	at org.testng.TestNG.run(TestNG.java:1079)
	at org.apache.maven.surefire.testng.TestNGExecutor.run(TestNGExecutor.java:308)
	at org.apache.maven.surefire.testng.TestNGXmlTestSuite.execute(TestNGXmlTestSuite.java:71)
	at org.apache.maven.surefire.testng.TestNGProvider.invoke(TestNGProvider.java:113)
	at org.apache.maven.surefire.booter.ForkedBooter.runSuitesInProcess(ForkedBooter.java:385)
	at org.apache.maven.surefire.booter.ForkedBooter.execute(ForkedBooter.java:162)
	at org.apache.maven.surefire.booter.ForkedBooter.run(ForkedBooter.java:507)
	at org.apache.maven.surefire.booter.ForkedBooter.main(ForkedBooter.java:495)
]]></failure>
    <system-out><![CDATA[✅ Test passed: testClickRecruitmentButton
Screenshot saved: E:\BANGKIT\DATA_Bangkit\belajar terus bree\Automation-learn\hrmorange_selenium_allure_1\target\screenshots\testClickRecruitmentButton.png
Launching browser: chrome
>>>Running test: DashboardTest.testClickTimeButton
Auto-login as admin for test: DashboardTest.testClickTimeButton
]]></system-out>
  </testcase>
  <testcase name="setUpDashboardPage" classname="com.example.java.testcases.DashboardTest" time="0.0">
    <skipped/>
  </testcase>
  <testcase name="setUpDashboardPage" classname="com.example.java.testcases.DashboardTest" time="0.0">
    <skipped/>
    <system-out><![CDATA[⚠️ Test skipped: testClickTimeButton
Launching browser: chrome
>>>Running test: DashboardTest.testNavigateToDashboard
Auto-login as admin for test: DashboardTest.testNavigateToDashboard
Logged in as Admin successfully.
]]></system-out>
  </testcase>
  <testcase name="testClickTimeButton" classname="com.example.java.testcases.DashboardTest" time="0.0">
    <skipped message="invalid session id: session deleted as the browser has closed the connection&#10;from disconnected: unable to send message to renderer&#10;  (Session info: chrome=139.0.7258.128)&#10;Build info: version: &apos;4.35.0&apos;, revision: &apos;1c58e5028b&apos;&#10;System info: os.name: &apos;Windows 11&apos;, os.arch: &apos;amd64&apos;, os.version: &apos;10.0&apos;, java.version: &apos;11.0.28&apos;&#10;Driver info: org.openqa.selenium.chrome.ChromeDriver&#10;Command: [ce2bd4ffccd27fba5680e671be67e53a, findElement {using=css selector, value=input[placeholder=&apos;Username&apos;]}]&#10;Capabilities {acceptInsecureCerts: false, browserName: chrome, browserVersion: 139.0.7258.128, chrome: {chromedriverVersion: 139.0.7258.138 (884e54ea8d4..., userDataDir: C:\Users\62812\AppData\Loca...}, fedcm:accounts: true, goog:chromeOptions: {debuggerAddress: localhost:50499}, networkConnectionEnabled: false, pageLoadStrategy: normal, platformName: windows, proxy: Proxy(), se:cdp: ws://localhost:50499/devtoo..., se:cdpVersion: 139.0.7258.128, setWindowRect: true, strictFileInteractability: false, timeouts: {implicit: 0, pageLoad: 300000, script: 30000}, unhandledPromptBehavior: dismiss and notify, webauthn:extension:credBlob: true, webauthn:extension:largeBlob: true, webauthn:extension:minPinLength: true, webauthn:extension:prf: true, webauthn:virtualAuthenticators: true}&#10;Session ID: ce2bd4ffccd27fba5680e671be67e53a"/>
    <system-out><![CDATA[🟢 Starting test: testClickTimeButton
]]></system-out>
  </testcase>
  <testcase name="testNavigateToDashboard" classname="com.example.java.testcases.DashboardTest" time="0.0">
    <skipped message="invalid session id: session deleted as the browser has closed the connection&#10;from disconnected: unable to send message to renderer&#10;  (Session info: chrome=139.0.7258.128)&#10;Build info: version: &apos;4.35.0&apos;, revision: &apos;1c58e5028b&apos;&#10;System info: os.name: &apos;Windows 11&apos;, os.arch: &apos;amd64&apos;, os.version: &apos;10.0&apos;, java.version: &apos;11.0.28&apos;&#10;Driver info: org.openqa.selenium.chrome.ChromeDriver&#10;Command: [ce2bd4ffccd27fba5680e671be67e53a, findElement {using=css selector, value=input[placeholder=&apos;Username&apos;]}]&#10;Capabilities {acceptInsecureCerts: false, browserName: chrome, browserVersion: 139.0.7258.128, chrome: {chromedriverVersion: 139.0.7258.138 (884e54ea8d4..., userDataDir: C:\Users\62812\AppData\Loca...}, fedcm:accounts: true, goog:chromeOptions: {debuggerAddress: localhost:50499}, networkConnectionEnabled: false, pageLoadStrategy: normal, platformName: windows, proxy: Proxy(), se:cdp: ws://localhost:50499/devtoo..., se:cdpVersion: 139.0.7258.128, setWindowRect: true, strictFileInteractability: false, timeouts: {implicit: 0, pageLoad: 300000, script: 30000}, unhandledPromptBehavior: dismiss and notify, webauthn:extension:credBlob: true, webauthn:extension:largeBlob: true, webauthn:extension:minPinLength: true, webauthn:extension:prf: true, webauthn:virtualAuthenticators: true}&#10;Session ID: ce2bd4ffccd27fba5680e671be67e53a"/>
    <system-out><![CDATA[🟢 Starting test: testNavigateToDashboard
]]></system-out>
  </testcase>
  <testcase name="testEmptyFields" classname="com.example.java.testcases.LoginTest" time="4.655">
    <system-out><![CDATA[⚠️ Test skipped: testNavigateToDashboard
📕 Finishing test suite: Dashboard-Section-Test
📘 Starting test suite: Login-Section-Test 
Launching browser: chrome
>>>Running test: LoginTest.testEmptyFields
Skipping auto-login for LoginTest
🟢 Starting test: testEmptyFields
]]></system-out>
  </testcase>
  <testcase name="testEmptyFieldsPassword" classname="com.example.java.testcases.LoginTest" time="5.697">
    <system-out><![CDATA[✅ Test passed: testEmptyFields
Screenshot saved: E:\BANGKIT\DATA_Bangkit\belajar terus bree\Automation-learn\hrmorange_selenium_allure_1\target\screenshots\testEmptyFields.png
Launching browser: chrome
>>>Running test: LoginTest.testEmptyFieldsPassword
Skipping auto-login for LoginTest
🟢 Starting test: testEmptyFieldsPassword
]]></system-out>
  </testcase>
  <testcase name="testEmptyFieldsUsername" classname="com.example.java.testcases.LoginTest" time="4.388">
    <system-out><![CDATA[✅ Test passed: testEmptyFieldsPassword
Screenshot saved: E:\BANGKIT\DATA_Bangkit\belajar terus bree\Automation-learn\hrmorange_selenium_allure_1\target\screenshots\testEmptyFieldsPassword.png
Launching browser: chrome
>>>Running test: LoginTest.testEmptyFieldsUsername
Skipping auto-login for LoginTest
🟢 Starting test: testEmptyFieldsUsername
]]></system-out>
  </testcase>
  <testcase name="testInvalidPassword" classname="com.example.java.testcases.LoginTest" time="8.545">
    <system-out><![CDATA[✅ Test passed: testEmptyFieldsUsername
Screenshot saved: E:\BANGKIT\DATA_Bangkit\belajar terus bree\Automation-learn\hrmorange_selenium_allure_1\target\screenshots\testEmptyFieldsUsername.png
Launching browser: chrome
>>>Running test: LoginTest.testInvalidPassword
Skipping auto-login for LoginTest
🟢 Starting test: testInvalidPassword
]]></system-out>
  </testcase>
  <testcase name="testInvalidUsername" classname="com.example.java.testcases.LoginTest" time="7.519">
    <system-out><![CDATA[✅ Test passed: testInvalidPassword
Screenshot saved: E:\BANGKIT\DATA_Bangkit\belajar terus bree\Automation-learn\hrmorange_selenium_allure_1\target\screenshots\testInvalidPassword.png
Launching browser: chrome
>>>Running test: LoginTest.testInvalidUsername
Skipping auto-login for LoginTest
🟢 Starting test: testInvalidUsername
]]></system-out>
  </testcase>
  <testcase name="testValidLogin" classname="com.example.java.testcases.LoginTest" time="5.742">
    <system-out><![CDATA[✅ Test passed: testInvalidUsername
Screenshot saved: E:\BANGKIT\DATA_Bangkit\belajar terus bree\Automation-learn\hrmorange_selenium_allure_1\target\screenshots\testInvalidUsername.png
Launching browser: chrome
>>>Running test: LoginTest.testValidLogin
Skipping auto-login for LoginTest
🟢 Starting test: testValidLogin
]]></system-out>
  </testcase>
  <testcase name="userLogout" classname="com.example.java.testcases.LoginTest" time="10.561">
    <system-out><![CDATA[✅ Test passed: testValidLogin
Screenshot saved: E:\BANGKIT\DATA_Bangkit\belajar terus bree\Automation-learn\hrmorange_selenium_allure_1\target\screenshots\testValidLogin.png
Launching browser: chrome
>>>Running test: LoginTest.userLogout
Skipping auto-login for LoginTest
🟢 Starting test: userLogout
]]></system-out>
  </testcase>
  <testcase name="testAddNewEmployee" classname="com.example.java.testcases.PIMTest" time="12.599">
    <system-out><![CDATA[✅ Test passed: userLogout
Screenshot saved: E:\BANGKIT\DATA_Bangkit\belajar terus bree\Automation-learn\hrmorange_selenium_allure_1\target\screenshots\userLogout.png
📕 Finishing test suite: Login-Section-Test 
📘 Starting test suite: PIM-Section-Test
Launching browser: chrome
>>>Running test: PIMTest.testAddNewEmployee
Auto-login as admin for test: PIMTest.testAddNewEmployee
Logged in as Admin successfully.
🟢 Starting test: testAddNewEmployee
]]></system-out>
  </testcase>
  <testcase name="testCheckEmployeeOnEmployeeList" classname="com.example.java.testcases.PIMTest" time="2.304">
    <system-out><![CDATA[✅ Test passed: testAddNewEmployee
Screenshot saved: E:\BANGKIT\DATA_Bangkit\belajar terus bree\Automation-learn\hrmorange_selenium_allure_1\target\screenshots\testAddNewEmployee.png
Launching browser: chrome
>>>Running test: PIMTest.testCheckEmployeeOnEmployeeList
Auto-login as admin for test: PIMTest.testCheckEmployeeOnEmployeeList
Logged in as Admin successfully.
🟢 Starting test: testCheckEmployeeOnEmployeeList
]]></system-out>
  </testcase>
  <testcase name="testDeleteEmployeeOnTheEmployeeList" classname="com.example.java.testcases.PIMTest" time="18.543">
    <failure message="Employee with first name &apos;Ronnie&apos; still appears in the list after deletion. expected [false] but found [true]" type="java.lang.AssertionError"><![CDATA[java.lang.AssertionError: Employee with first name 'Ronnie' still appears in the list after deletion. expected [false] but found [true]
	at org.testng.Assert.fail(Assert.java:111)
	at org.testng.Assert.failNotEquals(Assert.java:1590)
	at org.testng.Assert.assertFalse(Assert.java:79)
	at com.example.java.testcases.PIMTest.testDeleteEmployeeOnTheEmployeeList(PIMTest.java:74)
	at java.base/jdk.internal.reflect.NativeMethodAccessorImpl.invoke0(Native Method)
	at java.base/jdk.internal.reflect.NativeMethodAccessorImpl.invoke(NativeMethodAccessorImpl.java:62)
	at java.base/jdk.internal.reflect.DelegatingMethodAccessorImpl.invoke(DelegatingMethodAccessorImpl.java:43)
	at java.base/java.lang.reflect.Method.invoke(Method.java:566)
	at org.testng.internal.invokers.MethodInvocationHelper.invokeMethod(MethodInvocationHelper.java:141)
	at org.testng.internal.invokers.TestInvoker.invokeMethod(TestInvoker.java:687)
	at org.testng.internal.invokers.TestInvoker.invokeTestMethod(TestInvoker.java:230)
	at org.testng.internal.invokers.MethodRunner.runInSequence(MethodRunner.java:63)
	at org.testng.internal.invokers.TestInvoker$MethodInvocationAgent.invoke(TestInvoker.java:995)
	at org.testng.internal.invokers.TestInvoker.invokeTestMethods(TestInvoker.java:203)
	at org.testng.internal.invokers.TestMethodWorker.invokeTestMethods(TestMethodWorker.java:154)
	at org.testng.internal.invokers.TestMethodWorker.run(TestMethodWorker.java:134)
	at java.base/java.util.ArrayList.forEach(ArrayList.java:1541)
	at org.testng.TestRunner.privateRun(TestRunner.java:741)
	at org.testng.TestRunner.run(TestRunner.java:616)
	at org.testng.SuiteRunner.runTest(SuiteRunner.java:421)
	at org.testng.SuiteRunner.runSequentially(SuiteRunner.java:413)
	at org.testng.SuiteRunner.privateRun(SuiteRunner.java:373)
	at org.testng.SuiteRunner.run(SuiteRunner.java:312)
	at org.testng.SuiteRunnerWorker.runSuite(SuiteRunnerWorker.java:52)
	at org.testng.SuiteRunnerWorker.run(SuiteRunnerWorker.java:95)
	at org.testng.TestNG.runSuitesSequentially(TestNG.java:1274)
	at org.testng.TestNG.runSuitesLocally(TestNG.java:1208)
	at org.testng.TestNG.runSuites(TestNG.java:1112)
	at org.testng.TestNG.run(TestNG.java:1079)
	at org.apache.maven.surefire.testng.TestNGExecutor.run(TestNGExecutor.java:308)
	at org.apache.maven.surefire.testng.TestNGXmlTestSuite.execute(TestNGXmlTestSuite.java:71)
	at org.apache.maven.surefire.testng.TestNGProvider.invoke(TestNGProvider.java:113)
	at org.apache.maven.surefire.booter.ForkedBooter.runSuitesInProcess(ForkedBooter.java:385)
	at org.apache.maven.surefire.booter.ForkedBooter.execute(ForkedBooter.java:162)
	at org.apache.maven.surefire.booter.ForkedBooter.run(ForkedBooter.java:507)
	at org.apache.maven.surefire.booter.ForkedBooter.main(ForkedBooter.java:495)
]]></failure>
    <system-out><![CDATA[✅ Test passed: testCheckEmployeeOnEmployeeList
Screenshot saved: E:\BANGKIT\DATA_Bangkit\belajar terus bree\Automation-learn\hrmorange_selenium_allure_1\target\screenshots\testCheckEmployeeOnEmployeeList.png
Launching browser: chrome
>>>Running test: PIMTest.testDeleteEmployeeOnTheEmployeeList
Auto-login as admin for test: PIMTest.testDeleteEmployeeOnTheEmployeeList
Logged in as Admin successfully.
🟢 Starting test: testDeleteEmployeeOnTheEmployeeList
]]></system-out>
  </testcase>
  <testcase name="testNavigateToPIM" classname="com.example.java.testcases.PIMTest" time="1.738">
    <system-out><![CDATA[❌ Test failed: testDeleteEmployeeOnTheEmployeeList
Screenshot saved: E:\BANGKIT\DATA_Bangkit\belajar terus bree\Automation-learn\hrmorange_selenium_allure_1\target\screenshots\testDeleteEmployeeOnTheEmployeeList_failure.png
Launching browser: chrome
>>>Running test: PIMTest.testNavigateToPIM
Auto-login as admin for test: PIMTest.testNavigateToPIM
Logged in as Admin successfully.
🟢 Starting test: testNavigateToPIM
]]></system-out>
    <system-err><![CDATA[Failed to save screenshot: E:\BANGKIT\DATA_Bangkit\belajar terus bree\Automation-learn\hrmorange_selenium_allure_1\target\screenshots\testDeleteEmployeeOnTheEmployeeList_failure.png
java.nio.file.FileAlreadyExistsException: E:\BANGKIT\DATA_Bangkit\belajar terus bree\Automation-learn\hrmorange_selenium_allure_1\target\screenshots\testDeleteEmployeeOnTheEmployeeList_failure.png
	at java.base/sun.nio.fs.WindowsFileCopy.copy(WindowsFileCopy.java:123)
	at java.base/sun.nio.fs.WindowsFileSystemProvider.copy(WindowsFileSystemProvider.java:283)
	at java.base/java.nio.file.Files.copy(Files.java:1295)
	at com.example.java.utilities.Screenshot.takeScreenshot(Screenshot.java:28)
	at com.example.java.base.BaseTest.tearDown(BaseTest.java:87)
	at jdk.internal.reflect.GeneratedMethodAccessor55.invoke(Unknown Source)
	at java.base/jdk.internal.reflect.DelegatingMethodAccessorImpl.invoke(DelegatingMethodAccessorImpl.java:43)
	at java.base/java.lang.reflect.Method.invoke(Method.java:566)
	at org.testng.internal.invokers.MethodInvocationHelper.invokeMethod(MethodInvocationHelper.java:141)
	at org.testng.internal.invokers.MethodInvocationHelper.invokeMethodConsideringTimeout(MethodInvocationHelper.java:71)
	at org.testng.internal.invokers.ConfigInvoker.invokeConfigurationMethod(ConfigInvoker.java:400)
	at org.testng.internal.invokers.ConfigInvoker.invokeConfigurations(ConfigInvoker.java:333)
	at org.testng.internal.invokers.TestInvoker.runConfigMethods(TestInvoker.java:836)
	at org.testng.internal.invokers.TestInvoker.runAfterConfigurations(TestInvoker.java:805)
	at org.testng.internal.invokers.TestInvoker.invokeMethod(TestInvoker.java:781)
	at org.testng.internal.invokers.TestInvoker.invokeTestMethod(TestInvoker.java:230)
	at org.testng.internal.invokers.MethodRunner.runInSequence(MethodRunner.java:63)
	at org.testng.internal.invokers.TestInvoker$MethodInvocationAgent.invoke(TestInvoker.java:995)
	at org.testng.internal.invokers.TestInvoker.invokeTestMethods(TestInvoker.java:203)
	at org.testng.internal.invokers.TestMethodWorker.invokeTestMethods(TestMethodWorker.java:154)
	at org.testng.internal.invokers.TestMethodWorker.run(TestMethodWorker.java:134)
	at java.base/java.util.ArrayList.forEach(ArrayList.java:1541)
	at org.testng.TestRunner.privateRun(TestRunner.java:741)
	at org.testng.TestRunner.run(TestRunner.java:616)
	at org.testng.SuiteRunner.runTest(SuiteRunner.java:421)
	at org.testng.SuiteRunner.runSequentially(SuiteRunner.java:413)
	at org.testng.SuiteRunner.privateRun(SuiteRunner.java:373)
	at org.testng.SuiteRunner.run(SuiteRunner.java:312)
	at org.testng.SuiteRunnerWorker.runSuite(SuiteRunnerWorker.java:52)
	at org.testng.SuiteRunnerWorker.run(SuiteRunnerWorker.java:95)
	at org.testng.TestNG.runSuitesSequentially(TestNG.java:1274)
	at org.testng.TestNG.runSuitesLocally(TestNG.java:1208)
	at org.testng.TestNG.runSuites(TestNG.java:1112)
	at org.testng.TestNG.run(TestNG.java:1079)
	at org.apache.maven.surefire.testng.TestNGExecutor.run(TestNGExecutor.java:308)
	at org.apache.maven.surefire.testng.TestNGXmlTestSuite.execute(TestNGXmlTestSuite.java:71)
	at org.apache.maven.surefire.testng.TestNGProvider.invoke(TestNGProvider.java:113)
	at org.apache.maven.surefire.booter.ForkedBooter.runSuitesInProcess(ForkedBooter.java:385)
	at org.apache.maven.surefire.booter.ForkedBooter.execute(ForkedBooter.java:162)
	at org.apache.maven.surefire.booter.ForkedBooter.run(ForkedBooter.java:507)
	at org.apache.maven.surefire.booter.ForkedBooter.main(ForkedBooter.java:495)
]]></system-err>
  </testcase>
</testsuite>